[INFO] Scanning for projects...
[INFO] 
[INFO] ---------------------------< poly.edu:GoMet >---------------------------
[INFO] Building GoMet-BE 0.0.1-SNAPSHOT
[INFO]   from pom.xml
[INFO] --------------------------------[ jar ]---------------------------------
[INFO] 
[INFO] --- clean:3.5.0:clean (default-clean) @ GoMet ---
[INFO] Deleting D:\DA_TN\DATN-CD\GoMet-BE\target
[INFO] 
[INFO] --- resources:3.3.1:resources (default-resources) @ GoMet ---
[INFO] Copying 1 resource from src\main\resources to target\classes
[INFO] Copying 14 resources from src\main\resources to target\classes
[INFO] 
[INFO] --- compiler:3.14.1:compile (default-compile) @ GoMet ---
[INFO] Recompiling the module because of changed source code.
[INFO] Compiling 170 source files with javac [debug parameters release 17] to target\classes
[INFO] -------------------------------------------------------------
[ERROR] COMPILATION ERROR : 
[INFO] -------------------------------------------------------------
[ERROR] /D:/DA_TN/DATN-CD/GoMet-BE/src/main/java/poly/edu/service/CloudinaryService.java:[61,1] class, interface, enum, or record expected
[INFO] 1 error
[INFO] -------------------------------------------------------------
[INFO] ------------------------------------------------------------------------
[INFO] BUILD FAILURE
[INFO] ------------------------------------------------------------------------
[INFO] Total time:  2.919 s
[INFO] Finished at: 2026-03-17T23:29:41+07:00
[INFO] ------------------------------------------------------------------------
[ERROR] Failed to execute goal org.apache.maven.plugins:maven-compiler-plugin:3.14.1:compile (default-compile) on project GoMet: Compilation failure
[ERROR] /D:/DA_TN/DATN-CD/GoMet-BE/src/main/java/poly/edu/service/CloudinaryService.java:[61,1] class, interface, enum, or record expected
[ERROR] 
[ERROR] -> [Help 1]
[ERROR] 
[ERROR] To see the full stack trace of the errors, re-run Maven with the -e switch.
[ERROR] Re-run Maven using the -X switch to enable full debug logging.
[ERROR] 
[ERROR] For more information about the errors and possible solutions, please read the following articles:
[ERROR] [Help 1] http://cwiki.apache.org/confluence/display/MAVEN/MojoFailureException
