[INFO] Scanning for projects...
[INFO] 
[INFO] ---------------------------< poly.edu:GoMet >---------------------------
[INFO] Building GoMet-BE 0.0.1-SNAPSHOT
[INFO]   from pom.xml
[INFO] --------------------------------[ jar ]---------------------------------
[INFO] 
[INFO] --- clean:3.5.0:clean (default-clean) @ GoMet ---
[INFO] Deleting C:\Users\ADMIN\Documents\GitHub\DATN-CD\GoMet-BE\target
[INFO] 
[INFO] --- resources:3.3.1:resources (default-resources) @ GoMet ---
[INFO] Copying 1 resource from src\main\resources to target\classes
[INFO] Copying 13 resources from src\main\resources to target\classes
[INFO] 
[INFO] --- compiler:3.14.1:compile (default-compile) @ GoMet ---
[INFO] Recompiling the module because of changed source code.
[INFO] Compiling 263 source files with javac [debug parameters release 21] to target\classes
[INFO] Annotation processing is enabled because one or more processors were found
  on the class path. A future release of javac may disable annotation processing
  unless at least one processor is specified by name (-processor), or a search
  path is specified (--processor-path, --processor-module-path), or annotation
  processing is enabled explicitly (-proc:only, -proc:full).
  Use -Xlint:-options to suppress this message.
  Use -proc:none to disable annotation processing.
[WARNING] /C:/Users/ADMIN/Documents/GitHub/DATN-CD/GoMet-BE/src/main/java/poly/edu/config/SecurityConfig.java:[147,17] permissionsPolicy(org.springframework.security.config.Customizer<org.springframework.security.config.annotation.web.configurers.HeadersConfigurer<H>.PermissionsPolicyConfig>) in org.springframework.security.config.annotation.web.configurers.HeadersConfigurer has been deprecated and marked for removal
[INFO] /C:/Users/ADMIN/Documents/GitHub/DATN-CD/GoMet-BE/src/main/java/poly/edu/entity/Message.java: Some input files use or override a deprecated API.
[INFO] /C:/Users/ADMIN/Documents/GitHub/DATN-CD/GoMet-BE/src/main/java/poly/edu/entity/Message.java: Recompile with -Xlint:deprecation for details.
[INFO] /C:/Users/ADMIN/Documents/GitHub/DATN-CD/GoMet-BE/src/main/java/poly/edu/controller/ShoppingListController.java: C:\Users\ADMIN\Documents\GitHub\DATN-CD\GoMet-BE\src\main\java\poly\edu\controller\ShoppingListController.java uses unchecked or unsafe operations.
[INFO] /C:/Users/ADMIN/Documents/GitHub/DATN-CD/GoMet-BE/src/main/java/poly/edu/controller/ShoppingListController.java: Recompile with -Xlint:unchecked for details.
[INFO] ------------------------------------------------------------------------
[INFO] BUILD SUCCESS
[INFO] ------------------------------------------------------------------------
[INFO] Total time:  43.603 s
[INFO] Finished at: 2026-03-12T09:13:26+07:00
[INFO] ------------------------------------------------------------------------
